root words: ['Today', 'browsing', 'Tour', 'Pouring', 'Touring', 'self', 'High', 'Tools', 'love', 'king']
root repeted string :Today
root palindromes :[]
 count of To:4
 count of ing:4
root new list :['T', 'd', 'y', 'br', 'WS', 'ng', 'T', 'r', 'P', 'R', 'ng', 'T', 'r', 'ng', 'S', 'lf', 'H', 'gh', 'T', 'LS', 'l', 'v', 'k', 'ng']
root words: ['hello', 'world', 'python', 'training', 'ADF', 'day3']
root repeted string :hello
root palindromes :[]
 count of To:0
 count of ing:1
root new list :['h', 'll', 'w', 'rld', 'PYTH', 'n', 'tr', 'n', 'ng', 'DF', 'd', 'y3']
root words: ['hello', 'world', 'python', 'training', 'ADF', 'day3']
root repeted string :hello
root palindromes :[]
 count of To:0
 count of ing:1
root new list :['h', 'll', 'w', 'rld', 'PYTH', 'n', 'tr', 'n', 'ng', 'DF', 'd', 'y3']
root words: ['hello', 'world', 'python', 'training', 'ADF', 'day3']
root repeted string :hello
root palindromes :[]
 count of To:0
 count of ing:1
root new list :['h', 'll', 'w', 'rld', 'PYTH', 'n', 'tr', 'n', 'ng', 'DF', 'd', 'y3']
root words: ['hello', 'world', 'python', 'training', 'ADF', 'day3']
root repeted string :hello
root palindromes :[]
 count of To:0
 count of ing:1
root new list :['h', 'll', 'w', 'rld', 'PYTH', 'n', 'tr', 'n', 'ng', 'DF', 'd', 'y3']
root words: ['hello', 'world', 'python', 'training', 'ADF', 'day3']
root palindromes :[]
 count of To:0
 count of ing:1
root new list :['h', 'll', 'w', 'rld', 'PYTH', 'n', 'tr', 'n', 'ng', 'DF', 'd', 'y3']
root words: ['hello', 'world', 'python', 'training', 'ADF', 'day3']
root repeted string :hello
root palindromes :[]
 count of To:0
 count of ing:1
root new list :['h', 'll', 'w', 'rld', 'PYTH', 'n', 'tr', 'n', 'ng', 'DF', 'd', 'y3']
root words: ['hello', 'world', 'python', 'training', 'ADF', 'day3']
root repeted string :hello
root palindromes :[]
 count of To:0
 count of ing:1
root new list :['h', 'll', 'w', 'rld', 'PYTH', 'n', 'tr', 'n', 'ng', 'DF', 'd', 'y3']
root words: ['hello', 'world', 'python', 'training', 'ADF', 'day3']
root repeted string :hello
root palindromes :[]
 count of To:0
 count of ing:1
root new list :['h', 'll', 'w', 'rld', 'PYTH', 'n', 'tr', 'n', 'ng', 'DF', 'd', 'y3']
root words: ['hello', 'world', 'python', 'training', 'ADF', 'day3']
root repeted string :hello
root palindromes :[]
 count of To:0
 count of ing:1
root new list :['h', 'll', 'w', 'rld', 'PYTH', 'n', 'tr', 'n', 'ng', 'DF', 'd', 'y3']
root words: ['hello', 'world', 'python', 'training', 'ADF', 'day3']
root repeted string :hello
root palindromes :[]
 count of To:0
 count of ing:1
root new list :['h', 'll', 'w', 'rld', 'PYTH', 'n', 'tr', 'n', 'ng', 'DF', 'd', 'y3']
root words: ['hello', 'world', 'python', 'training', 'ADF', 'day3']
root repeted string :hello
root palindromes :[]
 count of To:0
 count of ing:1
root new list :['h', 'll', 'w', 'rld', 'PYTH', 'n', 'tr', 'n', 'ng', 'DF', 'd', 'y3']
root words: ['hello', 'world', 'python', 'training', 'ADF', 'day3']
root repeted string :hello
root palindromes :[]
 count of To:0
 count of ing:1
root new list :['h', 'll', 'w', 'rld', 'PYTH', 'n', 'tr', 'n', 'ng', 'DF', 'd', 'y3']
root words: ['hello', 'world', 'python', 'training', 'ADF', 'day3']
root repeted string :hello
root palindromes :[]
root new list :['h', 'll', 'w', 'rld', 'PYTH', 'n', 'tr', 'n', 'ng', 'DF', 'd', 'y3']
root words: ['hello', 'world', 'python', 'training', 'ADF', 'day3']
root repeted string :hello
root set()
root ['h', 'll', 'w', 'rld', 'PYTH', 'n', 'tr', 'n', 'ng', 'DF', 'd', 'y3']
root words: ['hello', 'world', 'python', 'training', 'ADF', 'day3']
root repeted string :hello
root set()
root ['h', 'll', 'w', 'rld', 'PYTH', 'n', 'tr', 'n', 'ng', 'DF', 'd', 'y3']
root words: ['hello', 'world', 'python', 'training', 'ADF', 'day3']
root repeted string :hello
root set()
root ['h', 'll', 'w', 'rld', 'PYTH', 'n', 'tr', 'n', 'ng', 'DF', 'd', 'y3']
root words: ['hello', 'world', 'python', 'training', 'ADF', 'day3']
root repeted string :hello
root set()
root ['h', 'll', 'w', 'rld', 'PYTH', 'n', 'tr', 'n', 'ng', 'DF', 'd', 'y3']
root words: ['hello', 'world', 'python', 'training', 'ADF', 'day3']
root repeted string :hello
root []
root ['h', 'll', 'w', 'rld', 'PYTH', 'n', 'tr', 'n', 'ng', 'DF', 'd', 'y3']
root executing...
root words: ['hello', 'world', 'python', 'training', 'ADF', 'day3']
root repeted string :hello
root []
root ['h', 'll', 'w', 'rld', 'PYTH', 'n', 'tr', 'n', 'ng', 'DF', 'd', 'y3']
root executing...
root words: ['hello', 'world', 'python', 'training', 'ADF', 'day3']
root repeted string :hello
root []
root ['h', 'll', 'w', 'rld', 'PYTH', 'n', 'tr', 'n', 'ng', 'DF', 'd', 'y3']
root executing...
root words: ['hello', 'world', 'python', 'training', 'ADF', 'day3']
root repeted string :hello
root []
root ['h', 'll', 'w', 'rld', 'PYTH', 'n', 'tr', 'n', 'ng', 'DF', 'd', 'y3']
root executing...
root words: ['hello', 'world', 'python', 'training', 'ADF', 'day3']
root repeted string :hello
root prefix to count :0
root suffix ing count 1
root []
root ['h', 'll', 'w', 'rld', 'PYTH', 'n', 'tr', 'n', 'ng', 'DF', 'd', 'y3']
