root hello warning msg
root hello warning msg
root hello warning msg
root hello warning msg
root hello warning msg
root ['hello', 'world', 'python', 'training', 'ADF', 'day2']
root ['hello', 'world', 'python', 'training', 'ADF', 'day2']
root ['hello', 'world', 'python', 'training', 'ADF', 'day2']
root ['hello', 'world', 'python', 'training', 'ADF', 'day2']
root hello
root hello
root words: hello-world-python-training-ADF-day2
root hello
root words: hello-world-python-training-ADF-day2
root repeted string :hello
root words: hello-world-python-training-ADF-day2
root repeted string :hello
root words: hello-world-python-training-ADF-day2
root repeted string :hello
root words: hello-world-python-training-ADF-day2
root repeted string :hello
root words: hello-world-python-training-ADF-day2
root repeted string :hello
root palindromes :[]
root words: ['hello', 'world', 'python', 'training', 'ADF', 'day2']
root repeted string :hello
root palindromes :[]
 count of To:0
 count of ing:1
root words: ['hello', 'world', 'python', 'training', 'ADF', 'day2']
root repeted string :hello
root palindromes :[]
 count of To:0
 count of ing:1
root words: ['hello', 'world', 'python', 'training', 'ADF', 'day2']
root repeted string :hello
root palindromes :[]
 count of To:0
 count of ing:1
root new list :['h', 'll', 'w', 'rld', 'PYTH', 'n', 'tr', 'n', 'ng', 'DF', 'd', 'y2']
root words: ['hello', 'world', 'python', 'training', 'ADF', 'day2']
root repeted string :hello
root palindromes :[]
 count of To:0
 count of ing:1
root new list :['h', 'll', 'w', 'rld', 'PYTH', 'n', 'tr', 'n', 'ng', 'DF', 'd', 'y2']
root words: ['hello', 'world', 'python', 'training', 'ADF', 'day2']
root repeted string :hello
root palindromes :[]
 count of To:0
 count of ing:1
root new list :['h', 'll', 'w', 'rld', 'PYTH', 'n', 'tr', 'n', 'ng', 'DF', 'd', 'y2']
root words: ['hello', 'world', 'python', 'training', 'ADF', 'day2']
root words: ['hello', 'world', 'python', 'training', 'ADF', 'day2']
root repeted string :hello
root words: ['hello', 'world', 'python', 'training', 'ADF', 'day2']
root repeted string :hello
root words: ['hello', 'world', 'python', 'training', 'ADF', 'day2']
root repeted string :hello
root words: ['hello', 'world', 'python', 'training', 'ADF', 'day2']
root repeted string :hello
root words: ['hello', 'world', 'python', 'training', 'ADF', 'day2']
root repeted string :hello
root palindromes :[]
 count of To:0
 count of ing:1
root words: ['hello', 'world', 'python', 'training', 'ADF', 'day2']
root repeted string :hello
root palindromes :[]
 count of To:0
 count of ing:1
root words: ['hello', 'world', 'python', 'training', 'ADF', 'day2']
root repeted string :hello
root palindromes :[]
 count of To:0
 count of ing:1
root words: ['hello', 'world', 'python', 'training', 'ADF', 'day2']
root repeted string :hello
root palindromes :[]
 count of To:0
 count of ing:1
root words: ['hello', 'world', 'python', 'training', 'ADF', 'day2']
root repeted string :hello
root palindromes :[]
 count of To:0
 count of ing:1
root words: ['hello', 'world', 'python', 'training', 'ADF', 'day2']
root repeted string :hello
root palindromes :[]
 count of To:0
 count of ing:1
root new list :['h', 'll', 'w', 'rld', 'PYTH', 'n', 'tr', 'n', 'ng', 'DF', 'd', 'y2']
root words: ['hello', 'world', 'python', 'training', 'ADF', 'day2']
root repeted string :hello
root palindromes :[]
 count of To:0
 count of ing:1
root new list :['h', 'll', 'w', 'rld', 'PYTH', 'n', 'tr', 'n', 'ng', 'DF', 'd', 'y2']
root words: ['hello', 'world', 'python', 'training', 'ADF', 'day2']
root repeted string :hello
root palindromes :[]
 count of To:0
 count of ing:1
root new list :['h', 'll', 'w', 'rld', 'PYTH', 'n', 'tr', 'n', 'ng', 'DF', 'd', 'y2']
root words: ['hello', 'world', 'python', 'training', 'ADF', 'day2']
root repeted string :hello
root palindromes :[]
 count of To:0
 count of ing:1
root new list :['h', 'll', 'w', 'rld', 'PYTH', 'n', 'tr', 'n', 'ng', 'DF', 'd', 'y2']
